 $ Algebraic Preprocessor (Aprepro) version 6.05 (2022/01/10)
 $$  Parameters for block-by-block 3D printing $  units
 $       length - mm
 
 $Output file          	3Dbrick_out.exoII
 $Mesh file          	3D_brick.exoII
 
 $material_file  pla_4060.par
 $thixotropic_factor     0
 
 
 $Block dimensions
 #Dimensions   100   50    50
 $Cylinder dimensions
 #Cylinder_length   	100  
 #Cylinder_radius	 25 
 #Cylinder_cutoff_fraction	1
 $$Rectangular_dimensions
 #Rectangle_length   	85  
 #Rectangle_end_radius	0.79375
 #Rectangle_width	3.275
 #Layer_overlap		0.1
 
 #Number_of_blocks       30
 #Have_interface_flag	1
 #Cut_for_bottom_table_flag	1
 
 $mesh_mapped_intervals	2
 $Wall_bias_factor	1
 $Element_size           0.555625
 $Element_interpolation  0Par
 $Initialize_dm_global_mean	0
 
 $Printing_speed(mm/sec)	8.33
 $Table_temperature	75
 $Initial_temperature	100
 $Ambient_temperature	25
 $Dissipation_constant   1
 $Barrel_ht_coefficient	10
 $Ambient_ht_coefficient	1
 $use_heat_transfer_bc	1
 $Radiation_emissivity	0.7
 $Stefan-Boltzman_Constant	5.67e-08
 $use_modulus_tabular_data	0
 $use_modulus_user_fcn	        0
 $User_Modulus_Parameters  0.05468  106.94
 $Polymer_thermal_expansion	0.0001
 $User_thermal_expansion 	0
 $Expansion_levels  -1.308e-05  0.000146815
 $Expansion_slopes  0  0
 $Expansion_Temp_behavior     0.1599   127.73
 $Orthotropic_thermal_expansion 	0
 $Ortho_Expansion_levels  0.000111  0.0027636
 $Ortho_Expansion_slopes  -2.267e-06  -1.796e-05
 $Ortho_Expansion_Temp_behavior     0.7412   121.578
 
 $Repulsive-Attraction Coefficients	0.01
 $Table_coordinate			-0.79375
 $Repulsion_exponent			4
 
 $Direct_or_iterative	1
 $Amesos_solver_package		mumps
 $Convergence_criterion_residual	1e-06
 $Convergence_criterion_solution	0.01
 $Iterative_solver_package	petsc
 $Iterative_Preconditioner	dom_decomp
 $Iterative_Subdomain_solver	ilut
 $Iterative_Krylov_dimension	4000
 $Iterative_Matrix_Format	epetra
 
 $Working Filenames
 $Continuation_File	cont.exoII
 $Flag_for_continue_transient   1
 
 $Mapvar_parameters
 $Mapvar_Scheme	1
 $Mapvar_Deform	0
 $Mapvar_Search	0.01
 
 $Cubit_parameters - 5-place bits: 1 2 4 8 16 => 31
 $Autoheal_bitmap	31
 $Imprint-merge_bitmap	31
 $Steady_or_transient	1
 $
 $Solid_viscosity		10000
 $User_solid_viscosity 	        0
 $First_exponential  0.03628  131.833
 $
 $Ending_arclength_per_layer	0
 $Ending_arclength_whole_layer	251.588
 $Have_multiple_layers		9
 $Leading_printer_position
 $Printer_xcoord	0
 $Printer_ycoord	1.02054e-14
 $Printer_zcoord	13.3875
 
 $--------------------------------------------------------------------------
 $initial_run_time       0
 $total_run_time         100
 $Initial_timestep_factor	0.0001
 $time_step_max          5
 $time_step_min          4e-05
 $time_step_error        0.005
 $time_step_init         0.0001
 $time_step_resolved     8e-05
 
 $Temperature_Bound_minimum	22.8422
 $Temperature_Bound_mean  	26.4324
 $Temperature_Bound_maximum	51.5053
 $Displacement1_Bound_minimum	-1.89294
 $Displacement1_Bound_mean	0.000162273
 $Displacement1_Bound_maximum	1.9397
 $Displacement2_Bound_minimum	-0.0807937
 $Displacement2_Bound_mean	-0.000505437
 $Displacement2_Bound_maximum	0.0706145
 $Displacement3_Bound_minimum	-0.0118475
 $Displacement3_Bound_mean	0.0550187
 $Displacement3_Bound_maximum	0.941856
 
 $Linear_Regression_Results:
 $Temperature_LinReg_constant	28.4611
 $Temperature_LinReg_slopeX  	-0.00624068
 $Temperature_LinReg_slopeY	-0.0141016
 $Temperature_LinReg_slopeZ	-0.184077
 $Displacement1_LinReg_constant	0.432928
 $Displacement1_LinReg_slopeX  	-0.0034663
 $Displacement1_LinReg_slopeY	-4.24685e-05
 $Displacement1_LinReg_slopeZ	0.00831629
 $Displacement2_LinReg_constant	-0.000246359
 $Displacement2_LinReg_slopeX  	2.41535e-06
 $Displacement2_LinReg_slopeY	0.00732187
 $Displacement2_LinReg_slopeZ	0
 $Displacement3_LinReg_constant	-0.000627374
 $Displacement3_LinReg_slopeX  	-5.9694e-06
 $Displacement3_LinReg_slopeY	6.47124e-05
 $Displacement3_LinReg_slopeZ	0
 $End_of_Linear_Regression_Results
 
 $$End of Params file
 $ Algebraic Preprocessor (Aprepro) version 6.05 (2022/01/10)
 $$have Parse module for /usr/local/bin/matldb/material_db.xlsx 
 $Material Property Values
 $Unit_System   Length Velocity Density  Pressure  Energy
 $ si_mm       mm  mm/sec   kg/mm^3   kPa    microjoule
 $material PLA_4060_BFF_2017
 $Viscosity_model CARREAU_WLF
 $Viscosity_eta0  0.612435
 $Viscosity_power_law  0.653234
 $Viscosity_lambda  0.0205442
 $Viscosity_exponent  2
 $Viscosity_etainf  0
 $Viscosity_temp_C1  21.4175
 $Viscosity_temp_C2  516.725
 $Viscosity_ref_temp  180
 $units for Viscosity are  kPa*sec
 $end of Viscosity parameters
 $Normal_Stress_model NONE
 $Normal_Stress_csi10  0
 $units for Normal_Stress are  kPa*sec^2
 $end of Normal_Stress parameters
 $Density_model CONSTANT
 $Density_value  9.5e-07
 $units for Density are  kg/mm^3
 $end of Density parameters
 $Heat_Capacity_model CONSTANT
 $Heat_Capacity_value  10000000
 $units for Heat_Capacity are  uJ/kg/degC
 $end of Heat_Capacity parameters
 $Thermal_Conductivity_model CONSTANT
 $Thermal_Conductivity_value  1
 $units for Thermal_Conductivity are  uJ/mm/sec/degC
 $end of Thermal_Conductivity parameters
 $Modulus_model CONSTANT
 $Modulus_value  1000
 $Modulus_poisson  0.458
 $units for Modulus are  kPa
 $end of Modulus parameters
 $Surface_Tension_model CONSTANT
 $Surface_Tension_value  30
 $units for Surface_Tension are dimless 
 $end of Surface_Tension parameters
 $Refractive_Index_model NONE
 $Refractive_Index_value  1
 $units for Refractive_Index are dimless 
 $end of Refractive_Index parameters
 $Viscoelastic_model NONE
 $Viscoelastic_eqmod  0
 $units for Viscoelastic are  kPa
 $end of Viscoelastic parameters
 $$done
   parsing FLUX flux.out from 0 to 0
   Number of points 1 64   
 parameter  fZ_SS3 fZ_SS3_conv 
 0.00010   3860.34  0  
 0.00020   3859.28  0  
 0.00030   3859.53  0  
 0.00040   3859.77  0  
 0.00055   3860.15  0  
 0.00077   3860.7  0  
 0.00111   3861.54  0  
 0.00162   3862.79  0  
 0.00238   3864.66  0  
 0.00352   3867.47  0  
 0.00523   3871.67  0  
 0.00779   3877.94  0  
 0.01163   3887.29  0  
 0.01740   3901.19  0  
 0.02605   3921.78  0  
 0.03902   3952.04  0  
 0.05849   3996.15  0  
 0.08768   4059.54  0  
 0.13147   4148.92  0  
 0.18998   4259.18  0  
 0.25987   4379.29  0  
 0.34127   4505.41  0  
 0.43595   4635.98  0  
 0.54717   4770.43  0  
 0.67981   4908.27  0  
 0.84071   5048.5  0  
 1.03858   5188.73  0  
 1.28277   5324.49  0  
 1.58014   5449.43  0  
 1.93580   5558.36  0  
 2.35536   5648.91  0  
 2.84840   5721.45  0  
 3.42842   5777.69  0  
 4.11280   5819.87  0  
 4.92230   5850.23  0  
 5.88125   5870.75  0  
 7.01764   5882.96  0  
 8.36165   5888.01  0  
 9.94485   5886.75  0  
 11.79963   5879.94  0  
 13.95780   5868.43  0  
 16.44936   5853.26  0  
 19.30110   5835.69  0  
 22.53743   5817.19  0  
 26.18124   5799.37  0  
 30.25371   5783.94  0  
 34.77344   5772.78  0  
 39.75355   5767.9  0  
 44.75355   5771.09  0  
 49.75355   5782.06  0  
 51.00355   6692.76  0  
 52.25355   6856.33  0  
 53.50355   6806.7  0  
 55.20004   6773.91  0  
 57.40314   6759.44  0  
 60.34204   6760.44  0  
 64.35743   6773.82  0  
 69.35743   6794.75  0  
 74.35743   6815.93  0  
 79.35743   6836.35  0  
 84.35743   6855.82  0  
 89.35743   6874.36  0  
 94.35743   6892.02  0  
 99.35743   6908.85  0  
 100.00000   6911  0  
   parsing VOLUME volume.out from 0 to 1
   Number of points 1 64
 parameter  VOLUME_1  HEAT_ENERGY_1  
 0.0001   9.7770456e+02   9.7769785e+04   
 0.0002   9.7770456e+02   9.7769449e+04   
 0.0003   9.7770456e+02   9.7769114e+04   
 0.0004   9.7770457e+02   9.7768779e+04   
 0.0006   9.7770457e+02   9.7768277e+04   
 0.0008   9.7770458e+02   9.7767524e+04   
 0.0011   9.7770458e+02   9.7766396e+04   
 0.0016   9.7770460e+02   9.7764705e+04   
 0.0024   9.7770461e+02   9.7762176e+04   
 0.0035   9.7770464e+02   9.7758393e+04   
 0.0052   9.7770468e+02   9.7752747e+04   
 0.0078   9.7770474e+02   9.7744339e+04   
 0.0116   9.7770482e+02   9.7731863e+04   
 0.0174   9.7770494e+02   9.7713445e+04   
 0.0260   9.7770509e+02   9.7686464e+04   
 0.0390   9.7770528e+02   9.7647372e+04   
 0.0585   9.7770548e+02   9.7591605e+04   
 0.0877   9.7770562e+02   9.7513721e+04   
 0.1315   9.7770549e+02   9.7407898e+04   
 0.1900   9.7770484e+02   9.7282381e+04   
 0.2599   9.7770353e+02   9.7150172e+04   
 0.3413   9.7770144e+02   9.7014411e+04   
 0.4359   9.7769841e+02   9.6874633e+04   
 0.5472   9.7769422e+02   9.6728231e+04   
 0.6798   9.7768856e+02   9.6571034e+04   
 0.8407   9.7768092e+02   9.6397428e+04   
 1.0386   9.7767060e+02   9.6200816e+04   
 1.2828   9.7765668e+02   9.5975084e+04   
 1.5801   9.7763823e+02   9.5717310e+04   
 1.9358   9.7761426e+02   9.5426685e+04   
 2.3554   9.7758366e+02   9.5102580e+04   
 2.8484   9.7754495e+02   9.4742156e+04   
 3.4284   9.7749631e+02   9.4340938e+04   
 4.1128   9.7743561e+02   9.3893289e+04   
 4.9223   9.7736070e+02   9.3393166e+04   
 5.8812   9.7726969e+02   9.2834340e+04   
 7.0176   9.7716139e+02   9.2210651e+04   
 8.3616   9.7703600e+02   9.1517066e+04   
 9.9448   9.7689558e+02   9.0750016e+04   
 11.7996   9.7674438e+02   8.9907503e+04   
 13.9578   9.7658883e+02   8.8989409e+04   
 16.4494   9.7643726e+02   8.7997492e+04   
 19.3011   9.7629936e+02   8.6935385e+04   
 22.5374   9.7618567e+02   8.5807730e+04   
 26.1812   9.7610721e+02   8.4619616e+04   
 30.2537   9.7607556e+02   8.3376562e+04   
 34.7734   9.7610300e+02   8.2084827e+04   
 39.7535   9.7620264e+02   8.0752216e+04   
 44.7535   9.7637132e+02   7.9494211e+04   
 49.7535   9.7660339e+02   7.8307142e+04   
 51.0035   9.7611744e+02   7.7968823e+04   
 52.2535   9.7563447e+02   7.7635172e+04   
 53.5035   9.7528057e+02   7.7316446e+04   
 55.2000   9.7494300e+02   7.6902679e+04   
 57.4031   9.7463630e+02   7.6387121e+04   
 60.3420   9.7434207e+02   7.5726958e+04   
 64.3574   9.7403400e+02   7.4864334e+04   
 69.3574   9.7371286e+02   7.3841144e+04   
 74.3574   9.7342322e+02   7.2863705e+04   
 79.3574   9.7315289e+02   7.1928627e+04   
 84.3574   9.7289673e+02   7.1033371e+04   
 89.3574   9.7265237e+02   7.0175829e+04   
 94.3574   9.7241855e+02   6.9354158e+04   
 99.3574   9.7219448e+02   6.8566689e+04   
 100.0000   9.7216584e+02   6.8466072e+04   
 getdata is Done
