Time/iteration = 1.000000e+00 
 SHELL_VOLUME_FLUX  Side_Set  3 Block  1 Species 0
 flux=  4.26242e-09 0  area= 76.2  

Time/iteration = 9.302326e-01 
 SHELL_VOLUME_FLUX  Side_Set  3 Block  1 Species 0
 flux=  -4.3195e-09 0  area= 76.2  

Time/iteration = 8.632343e-01 
 SHELL_VOLUME_FLUX  Side_Set  3 Block  1 Species 0
 flux=  -1.3021e-08 0  area= 76.2  

Time/iteration = 8.010614e-01 
 SHELL_VOLUME_FLUX  Side_Set  3 Block  1 Species 0
 flux=  -2.17479e-08 0  area= 76.2  

Time/iteration = 7.351813e-01 
 SHELL_VOLUME_FLUX  Side_Set  3 Block  1 Species 0
 flux=  -3.18535e-08 0  area= 76.2  

Time/iteration = 6.747192e-01 
 SHELL_VOLUME_FLUX  Side_Set  3 Block  1 Species 0
 flux=  -4.19266e-08 0  area= 76.2  

Time/iteration = 5.520012e-01 
 SHELL_VOLUME_FLUX  Side_Set  3 Block  1 Species 0
 flux=  -6.19652e-08 0  area= 76.2  

Time/iteration = 4.718650e-01 
 SHELL_VOLUME_FLUX  Side_Set  3 Block  1 Species 0
 flux=  -6.94664e-08 0  area= 76.2  

Time/iteration = 4.130729e-01 
 SHELL_VOLUME_FLUX  Side_Set  3 Block  1 Species 0
 flux=  -7.20933e-08 0  area= 76.2  

Time/iteration = 3.537999e-01 
 SHELL_VOLUME_FLUX  Side_Set  3 Block  1 Species 0
 flux=  -7.32364e-08 0  area= 76.2  

Time/iteration = 3.030322e-01 
 SHELL_VOLUME_FLUX  Side_Set  3 Block  1 Species 0
 flux=  -7.44329e-08 0  area= 76.2  

Time/iteration = 2.500000e-01 
 SHELL_VOLUME_FLUX  Side_Set  3 Block  1 Species 0
 flux=  -7.85687e-08 0  area= 76.2  

